[20:16:48] [DEBUG] [asyncio] Using selector: SelectSelector
Started server process [23836]
Waiting for application startup.
Application startup complete.
[20:16:56] [INFO] [main] Получен сигнал завершения (signal 2). Выполняю корректное завершение...
Traceback (most recent call last):
  File "D:\programs\python\Lib\asyncio\runners.py", line 195, in run
    return runner.run(main)
           ~~~~~~~~~~^^^^^^
  File "D:\programs\python\Lib\asyncio\runners.py", line 118, in run
    return self._loop.run_until_complete(task)
           ~~~~~~~~~~~~~~~~~~~~~~~~~~~~~^^^^^^
  File "D:\programs\python\Lib\asyncio\base_events.py", line 712, in run_until_complete
    self.run_forever()
    ~~~~~~~~~~~~~~~~^^
  File "D:\programs\python\Lib\asyncio\base_events.py", line 683, in run_forever
    self._run_once()
    ~~~~~~~~~~~~~~^^
  File "D:\programs\python\Lib\asyncio\base_events.py", line 2004, in _run_once
    event_list = self._selector.select(timeout)
  File "D:\programs\python\Lib\selectors.py", line 314, in select
    r, w, _ = self._select(self._readers, self._writers, [], timeout)
              ~~~~~~~~~~~~^^^^^^^^^^^^^^^^^^^^^^^^^^^^^^^^^^^^^^^^^^^
  File "D:\programs\python\Lib\selectors.py", line 305, in _select
    r, w, x = select.select(r, w, w, timeout)
              ~~~~~~~~~~~~~^^^^^^^^^^^^^^^^^^
  File "G:\projects\survivilav_go\website\survivilav.ru\server\main.py", line 90, in graceful_exit
    sys.exit(0)
    ~~~~~~~~^^^
SystemExit: 0

During handling of the above exception, another exception occurred:

Traceback (most recent call last):
  File "G:\projects\survivilav_go\website\survivilav.ru\.venv\Lib\site-packages\starlette\routing.py", line 701, in lifespan
    await receive()
  File "G:\projects\survivilav_go\website\survivilav.ru\.venv\Lib\site-packages\uvicorn\lifespan\on.py", line 137, in receive
    return await self.receive_queue.get()
           ^^^^^^^^^^^^^^^^^^^^^^^^^^^^^^
  File "D:\programs\python\Lib\asyncio\queues.py", line 186, in get
    await getter
asyncio.exceptions.CancelledError

